<?xml version="1.0" encoding="UTF-8"?>
<!-- Generated by org.testng.reporters.JUnitXMLReporter -->
<testsuite hostname="CDI-LAP-0167" ignored="0" name="Application Test" tests="2" failures="1" timestamp="12 Apr 2019 09:43:27 GMT" time="0.062" errors="0">
  <testcase name="testMethod1" time="0.007" classname="testclasses.TestNG_ListenersTest1"/>
  <testcase name="testMethod2" time="0.002" classname="testclasses.TestNG_ListenersTest1">
    <failure type="java.lang.AssertionError" message="expected [true] but found [false]">
      <![CDATA[java.lang.AssertionError: expected [true] but found [false]
	at testclasses.TestNG_ListenersTest1.testMethod2(TestNG_ListenersTest1.java:33)
... Removed 29 stack frames]]>
    </failure>
  </testcase> <!-- testMethod2 -->
</testsuite> <!-- Application Test -->
