<?xml version="1.0" encoding="UTF-8"?>
<!-- Generated by org.testng.reporters.JUnitXMLReporter -->
<testsuite hostname="CDI-LAP-0167" ignored="2" name="GroupsDemo" tests="2" failures="0" timestamp="03 Apr 2019 07:01:33 GMT" time="0.055" errors="0">
  <testcase name="testAudiA6" time="0.005" classname="testclasses.TestNG_Grouping"/>
  <testcase name="testBMWX6" time="0.006" classname="testclasses.TestNG_Grouping"/>
  <testcase name="testNinja" time="0.0" classname="testclasses.TestNG_Grouping">
    <ignored/>
  </testcase> <!-- testNinja -->
  <testcase name="testHondaCBR" time="0.0" classname="testclasses.TestNG_Grouping">
    <ignored/>
  </testcase> <!-- testHondaCBR -->
</testsuite> <!-- GroupsDemo -->
