<?xml version="1.0" encoding="UTF-8"?>
<!-- Generated by org.testng.reporters.JUnitXMLReporter -->
<testsuite hostname="CDI-LAP-0167" ignored="0" name="Default test" tests="3" failures="0" timestamp="10 Apr 2019 12:58:24 GMT" time="0.063" errors="0">
  <testcase name="testMethod1" time="0.016" classname="testclasses.TestNG_DataProviders"/>
  <testcase name="testMethod1" time="0.016" classname="testclasses.TestNG_DataProviders"/>
  <testcase name="testMethod1" time="0.0" classname="testclasses.TestNG_DataProviders"/>
</testsuite> <!-- Default test -->
